泪
生病
衰
委屈
吐
怒
失望
晕
悲伤
抓狂
怒骂
伤心
弱
泪流满面
泪流满面
崩溃
悲催
躁狂症
没人疼
bm抓狂
bm血泪
bm投诉
bm生气
bm流泪
bm哭诉
bm哭泣
bm苦逼
bm孤独
bm愤懑
bm反对
bm大哭
bm暴怒
lt泪目
ali转圈哭
ali郁闷
BOBO擦泪
BOBO崩溃
怒火
飙泪
生闷气
忍
伤心
c悲催
c委屈
c抓狂
c发火
c伤心
c震惊哭
c烦躁
lxhx哭
lxhx泪目
lxhx失落
lxhx狠
lxhx怨念
lxhx不爽
xb伤心
xb怒
xb哭
cai哭
lb哭
ala泪汪汪
ala悲催
ala讨厌
ala衰
失望
吐
委屈
悲伤
衰
愤怒
弱
抓狂
moc大哭
g爆哭
g委屈
g爆哭2
lm泪流满面
lm恶心
内牛满面
哭死啦
恶心死
ppb去死
ppb大哭
哎呦熊咒骂
哎呦熊无奈
哎呦熊哭泣
哎呦熊崩溃
km委屈
km愁
km怒
km生气
萌萌流汗
cc委屈
cc大哭
cc哭泣
cc郁闷
cc生气
nono哭
dino不屑
dino失望
dino发怒
yz委屈哭
惊哭
大哭
特委屈
我吐
很生气
默默哭泣
强烈鄙视
烦躁
生气
生病了
哭
痛哭
不屑
不活了
酷库熊委屈
酷库熊哭泣